<?xml version="1.0" encoding="UTF-8"?>
<testng-results retried="2" ignored="1" total="9" passed="5" failed="1" skipped="0">
  <reporter-output>
  </reporter-output>
  <suite started-at="2025-05-11T22:31:28 IST" name="Loginpage" finished-at="2025-05-11T22:32:22 IST" duration-ms="54378">
    <groups>
    </groups>
    <test started-at="2025-05-11T22:31:28 IST" name="Test" finished-at="2025-05-11T22:32:22 IST" duration-ms="54378">
      <class name="testCases.LoginPageValidatation">
        <test-method is-config="true" signature="setup()[pri:0, instance:testCases.LoginPageValidatation@6c80d78a]" started-at="2025-05-11T22:31:29 IST" name="setup" finished-at="2025-05-11T22:31:38 IST" duration-ms="8858" status="PASS">
          <reporter-output>
          </reporter-output>
        </test-method> <!-- setup -->
        <test-method is-config="true" signature="getDriver()[pri:0, instance:testCases.LoginPageValidatation@6c80d78a]" started-at="2025-05-11T22:31:38 IST" name="getDriver" finished-at="2025-05-11T22:31:38 IST" depends-on-methods="base.BaseTest.setup" duration-ms="2" status="PASS">
          <reporter-output>
          </reporter-output>
        </test-method> <!-- getDriver -->
        <test-method is-config="true" signature="loginpageSetup()[pri:0, instance:testCases.LoginPageValidatation@6c80d78a]" started-at="2025-05-11T22:31:38 IST" name="loginpageSetup" finished-at="2025-05-11T22:31:38 IST" duration-ms="5" status="PASS">
          <reporter-output>
          </reporter-output>
        </test-method> <!-- loginpageSetup -->
        <test-method signature="validate_email_address()[pri:0, instance:testCases.LoginPageValidatation@6c80d78a]" started-at="2025-05-11T22:31:38 IST" name="validate_email_address" finished-at="2025-05-11T22:31:38 IST" duration-ms="225" status="PASS">
          <reporter-output>
          </reporter-output>
        </test-method> <!-- validate_email_address -->
        <test-method is-config="true" signature="teardown()[pri:0, instance:testCases.LoginPageValidatation@6c80d78a]" started-at="2025-05-11T22:31:39 IST" name="teardown" finished-at="2025-05-11T22:31:39 IST" duration-ms="298" status="PASS">
          <reporter-output>
          </reporter-output>
        </test-method> <!-- teardown -->
        <test-method is-config="true" signature="setup()[pri:0, instance:testCases.LoginPageValidatation@6c80d78a]" started-at="2025-05-11T22:31:39 IST" name="setup" finished-at="2025-05-11T22:31:44 IST" duration-ms="4711" status="PASS">
          <reporter-output>
          </reporter-output>
        </test-method> <!-- setup -->
        <test-method is-config="true" signature="getDriver()[pri:0, instance:testCases.LoginPageValidatation@6c80d78a]" started-at="2025-05-11T22:31:44 IST" name="getDriver" finished-at="2025-05-11T22:31:44 IST" depends-on-methods="base.BaseTest.setup" duration-ms="1" status="PASS">
          <reporter-output>
          </reporter-output>
        </test-method> <!-- getDriver -->
        <test-method is-config="true" signature="loginpageSetup()[pri:0, instance:testCases.LoginPageValidatation@6c80d78a]" started-at="2025-05-11T22:31:44 IST" name="loginpageSetup" finished-at="2025-05-11T22:31:44 IST" duration-ms="2" status="PASS">
          <reporter-output>
          </reporter-output>
        </test-method> <!-- loginpageSetup -->
        <test-method signature="validate_forgot_password_link()[pri:0, instance:testCases.LoginPageValidatation@6c80d78a]" started-at="2025-05-11T22:31:44 IST" name="validate_forgot_password_link" finished-at="2025-05-11T22:31:44 IST" duration-ms="106" status="PASS">
          <reporter-output>
          </reporter-output>
        </test-method> <!-- validate_forgot_password_link -->
        <test-method is-config="true" signature="teardown()[pri:0, instance:testCases.LoginPageValidatation@6c80d78a]" started-at="2025-05-11T22:31:45 IST" name="teardown" finished-at="2025-05-11T22:31:45 IST" duration-ms="278" status="PASS">
          <reporter-output>
          </reporter-output>
        </test-method> <!-- teardown -->
        <test-method is-config="true" signature="setup()[pri:0, instance:testCases.LoginPageValidatation@6c80d78a]" started-at="2025-05-11T22:31:45 IST" name="setup" finished-at="2025-05-11T22:31:50 IST" duration-ms="4640" status="PASS">
          <reporter-output>
          </reporter-output>
        </test-method> <!-- setup -->
        <test-method is-config="true" signature="getDriver()[pri:0, instance:testCases.LoginPageValidatation@6c80d78a]" started-at="2025-05-11T22:31:50 IST" name="getDriver" finished-at="2025-05-11T22:31:50 IST" depends-on-methods="base.BaseTest.setup" duration-ms="1" status="PASS">
          <reporter-output>
          </reporter-output>
        </test-method> <!-- getDriver -->
        <test-method is-config="true" signature="loginpageSetup()[pri:0, instance:testCases.LoginPageValidatation@6c80d78a]" started-at="2025-05-11T22:31:50 IST" name="loginpageSetup" finished-at="2025-05-11T22:31:50 IST" duration-ms="3" status="PASS">
          <reporter-output>
          </reporter-output>
        </test-method> <!-- loginpageSetup -->
        <test-method signature="validate_login_text()[pri:0, instance:testCases.LoginPageValidatation@6c80d78a]" started-at="2025-05-11T22:31:50 IST" name="validate_login_text" finished-at="2025-05-11T22:31:50 IST" duration-ms="88" status="PASS">
          <reporter-output>
          </reporter-output>
        </test-method> <!-- validate_login_text -->
        <test-method is-config="true" signature="teardown()[pri:0, instance:testCases.LoginPageValidatation@6c80d78a]" started-at="2025-05-11T22:31:51 IST" name="teardown" finished-at="2025-05-11T22:31:51 IST" duration-ms="272" status="PASS">
          <reporter-output>
          </reporter-output>
        </test-method> <!-- teardown -->
        <test-method is-config="true" signature="setup()[pri:0, instance:testCases.LoginPageValidatation@6c80d78a]" started-at="2025-05-11T22:31:51 IST" name="setup" finished-at="2025-05-11T22:31:57 IST" duration-ms="5452" status="PASS">
          <reporter-output>
          </reporter-output>
        </test-method> <!-- setup -->
        <test-method is-config="true" signature="getDriver()[pri:0, instance:testCases.LoginPageValidatation@6c80d78a]" started-at="2025-05-11T22:31:57 IST" name="getDriver" finished-at="2025-05-11T22:31:57 IST" depends-on-methods="base.BaseTest.setup" duration-ms="1" status="PASS">
          <reporter-output>
          </reporter-output>
        </test-method> <!-- getDriver -->
        <test-method is-config="true" signature="loginpageSetup()[pri:0, instance:testCases.LoginPageValidatation@6c80d78a]" started-at="2025-05-11T22:31:57 IST" name="loginpageSetup" finished-at="2025-05-11T22:31:57 IST" duration-ms="2" status="PASS">
          <reporter-output>
          </reporter-output>
        </test-method> <!-- loginpageSetup -->
        <test-method signature="validate_register_button()[pri:0, instance:testCases.LoginPageValidatation@6c80d78a]" started-at="2025-05-11T22:31:57 IST" name="validate_register_button" finished-at="2025-05-11T22:31:57 IST" duration-ms="93" status="PASS">
          <reporter-output>
          </reporter-output>
        </test-method> <!-- validate_register_button -->
        <test-method is-config="true" signature="teardown()[pri:0, instance:testCases.LoginPageValidatation@6c80d78a]" started-at="2025-05-11T22:31:58 IST" name="teardown" finished-at="2025-05-11T22:31:58 IST" duration-ms="240" status="PASS">
          <reporter-output>
          </reporter-output>
        </test-method> <!-- teardown -->
        <test-method is-config="true" signature="setup()[pri:0, instance:testCases.LoginPageValidatation@6c80d78a]" started-at="2025-05-11T22:31:58 IST" name="setup" finished-at="2025-05-11T22:32:03 IST" duration-ms="4666" status="PASS">
          <reporter-output>
          </reporter-output>
        </test-method> <!-- setup -->
        <test-method is-config="true" signature="getDriver()[pri:0, instance:testCases.LoginPageValidatation@6c80d78a]" started-at="2025-05-11T22:32:03 IST" name="getDriver" finished-at="2025-05-11T22:32:03 IST" depends-on-methods="base.BaseTest.setup" duration-ms="1" status="PASS">
          <reporter-output>
          </reporter-output>
        </test-method> <!-- getDriver -->
        <test-method is-config="true" signature="loginpageSetup()[pri:0, instance:testCases.LoginPageValidatation@6c80d78a]" started-at="2025-05-11T22:32:03 IST" name="loginpageSetup" finished-at="2025-05-11T22:32:03 IST" duration-ms="1" status="PASS">
          <reporter-output>
          </reporter-output>
        </test-method> <!-- loginpageSetup -->
        <test-method signature="validate_register_link()[pri:0, instance:testCases.LoginPageValidatation@6c80d78a]" started-at="2025-05-11T22:32:03 IST" name="validate_register_link" finished-at="2025-05-11T22:32:03 IST" duration-ms="78" status="PASS">
          <reporter-output>
          </reporter-output>
        </test-method> <!-- validate_register_link -->
        <test-method is-config="true" signature="teardown()[pri:0, instance:testCases.LoginPageValidatation@6c80d78a]" started-at="2025-05-11T22:32:03 IST" name="teardown" finished-at="2025-05-11T22:32:04 IST" duration-ms="268" status="PASS">
          <reporter-output>
          </reporter-output>
        </test-method> <!-- teardown -->
        <test-method is-config="true" signature="setup()[pri:0, instance:testCases.LoginPageValidatation@6c80d78a]" started-at="2025-05-11T22:32:04 IST" name="setup" finished-at="2025-05-11T22:32:08 IST" duration-ms="4245" status="PASS">
          <reporter-output>
          </reporter-output>
        </test-method> <!-- setup -->
        <test-method is-config="true" signature="getDriver()[pri:0, instance:testCases.LoginPageValidatation@6c80d78a]" started-at="2025-05-11T22:32:08 IST" name="getDriver" finished-at="2025-05-11T22:32:08 IST" depends-on-methods="base.BaseTest.setup" duration-ms="1" status="PASS">
          <reporter-output>
          </reporter-output>
        </test-method> <!-- getDriver -->
        <test-method is-config="true" signature="loginpageSetup()[pri:0, instance:testCases.LoginPageValidatation@6c80d78a]" started-at="2025-05-11T22:32:08 IST" name="loginpageSetup" finished-at="2025-05-11T22:32:08 IST" duration-ms="1" status="PASS">
          <reporter-output>
          </reporter-output>
        </test-method> <!-- loginpageSetup -->
        <test-method retried="true" signature="validate_title()[pri:0, instance:testCases.LoginPageValidatation@6c80d78a]" started-at="2025-05-11T22:32:08 IST" name="validate_title" finished-at="2025-05-11T22:32:08 IST" duration-ms="63" status="SKIP">
          <exception class="java.lang.AssertionError">
            <message>
              <![CDATA[expected [Let's Sh] but found [Let's Shop]]]>
            </message>
            <full-stacktrace>
              <![CDATA[java.lang.AssertionError: expected [Let's Sh] but found [Let's Shop]
at org.testng.Assert.fail(Assert.java:111)
at org.testng.Assert.failNotEquals(Assert.java:1590)
at org.testng.Assert.assertEqualsImpl(Assert.java:150)
at org.testng.Assert.assertEquals(Assert.java:132)
at org.testng.Assert.assertEquals(Assert.java:656)
at org.testng.Assert.assertEquals(Assert.java:666)
at testCases.LoginPageValidatation.validate_title(LoginPageValidatation.java:50)
at java.base/jdk.internal.reflect.NativeMethodAccessorImpl.invoke0(Native Method)
at java.base/jdk.internal.reflect.NativeMethodAccessorImpl.invoke(NativeMethodAccessorImpl.java:77)
at java.base/jdk.internal.reflect.DelegatingMethodAccessorImpl.invoke(DelegatingMethodAccessorImpl.java:43)
at java.base/java.lang.reflect.Method.invoke(Method.java:568)
at org.testng.internal.invokers.MethodInvocationHelper.invokeMethod(MethodInvocationHelper.java:141)
at org.testng.internal.invokers.TestInvoker.invokeMethod(TestInvoker.java:687)
at org.testng.internal.invokers.TestInvoker.invokeTestMethod(TestInvoker.java:230)
at org.testng.internal.invokers.MethodRunner.runInSequence(MethodRunner.java:63)
at org.testng.internal.invokers.TestInvoker$MethodInvocationAgent.invoke(TestInvoker.java:995)
at org.testng.internal.invokers.TestInvoker.invokeTestMethods(TestInvoker.java:203)
at org.testng.internal.invokers.TestMethodWorker.invokeTestMethods(TestMethodWorker.java:154)
at org.testng.internal.invokers.TestMethodWorker.run(TestMethodWorker.java:134)
at java.base/java.util.ArrayList.forEach(ArrayList.java:1511)
at org.testng.TestRunner.privateRun(TestRunner.java:741)
at org.testng.TestRunner.run(TestRunner.java:616)
at org.testng.SuiteRunner.runTest(SuiteRunner.java:421)
at org.testng.SuiteRunner.runSequentially(SuiteRunner.java:413)
at org.testng.SuiteRunner.privateRun(SuiteRunner.java:373)
at org.testng.SuiteRunner.run(SuiteRunner.java:312)
at org.testng.SuiteRunnerWorker.runSuite(SuiteRunnerWorker.java:52)
at org.testng.SuiteRunnerWorker.run(SuiteRunnerWorker.java:95)
at org.testng.TestNG.runSuitesSequentially(TestNG.java:1274)
at org.testng.TestNG.runSuitesLocally(TestNG.java:1208)
at org.testng.TestNG.runSuites(TestNG.java:1112)
at org.testng.TestNG.run(TestNG.java:1079)
at org.apache.maven.surefire.testng.TestNGExecutor.run(TestNGExecutor.java:308)
at org.apache.maven.surefire.testng.TestNGXmlTestSuite.execute(TestNGXmlTestSuite.java:71)
at org.apache.maven.surefire.testng.TestNGProvider.invoke(TestNGProvider.java:113)
at org.apache.maven.surefire.booter.ForkedBooter.runSuitesInProcess(ForkedBooter.java:385)
at org.apache.maven.surefire.booter.ForkedBooter.execute(ForkedBooter.java:162)
at org.apache.maven.surefire.booter.ForkedBooter.run(ForkedBooter.java:507)
at org.apache.maven.surefire.booter.ForkedBooter.main(ForkedBooter.java:495)
]]>
            </full-stacktrace>
          </exception> <!-- java.lang.AssertionError -->
          <reporter-output>
          </reporter-output>
        </test-method> <!-- validate_title -->
        <test-method is-config="true" signature="teardown()[pri:0, instance:testCases.LoginPageValidatation@6c80d78a]" started-at="2025-05-11T22:32:08 IST" name="teardown" finished-at="2025-05-11T22:32:08 IST" duration-ms="230" status="PASS">
          <reporter-output>
          </reporter-output>
        </test-method> <!-- teardown -->
        <test-method is-config="true" signature="setup()[pri:0, instance:testCases.LoginPageValidatation@6c80d78a]" started-at="2025-05-11T22:32:08 IST" name="setup" finished-at="2025-05-11T22:32:17 IST" duration-ms="8282" status="PASS">
          <reporter-output>
          </reporter-output>
        </test-method> <!-- setup -->
        <test-method is-config="true" signature="loginpageSetup()[pri:0, instance:testCases.LoginPageValidatation@6c80d78a]" started-at="2025-05-11T22:32:17 IST" name="loginpageSetup" finished-at="2025-05-11T22:32:17 IST" duration-ms="1" status="PASS">
          <reporter-output>
          </reporter-output>
        </test-method> <!-- loginpageSetup -->
        <test-method is-config="true" signature="getDriver()[pri:0, instance:testCases.LoginPageValidatation@6c80d78a]" started-at="2025-05-11T22:32:17 IST" name="getDriver" finished-at="2025-05-11T22:32:17 IST" depends-on-methods="base.BaseTest.setup" duration-ms="0" status="PASS">
          <reporter-output>
          </reporter-output>
        </test-method> <!-- getDriver -->
        <test-method retried="true" signature="validate_title()[pri:0, instance:testCases.LoginPageValidatation@6c80d78a]" started-at="2025-05-11T22:32:17 IST" name="validate_title" finished-at="2025-05-11T22:32:17 IST" duration-ms="18" status="SKIP">
          <exception class="java.lang.AssertionError">
            <message>
              <![CDATA[expected [Let's Sh] but found [Let's Shop]]]>
            </message>
            <full-stacktrace>
              <![CDATA[java.lang.AssertionError: expected [Let's Sh] but found [Let's Shop]
at org.testng.Assert.fail(Assert.java:111)
at org.testng.Assert.failNotEquals(Assert.java:1590)
at org.testng.Assert.assertEqualsImpl(Assert.java:150)
at org.testng.Assert.assertEquals(Assert.java:132)
at org.testng.Assert.assertEquals(Assert.java:656)
at org.testng.Assert.assertEquals(Assert.java:666)
at testCases.LoginPageValidatation.validate_title(LoginPageValidatation.java:50)
at java.base/jdk.internal.reflect.NativeMethodAccessorImpl.invoke0(Native Method)
at java.base/jdk.internal.reflect.NativeMethodAccessorImpl.invoke(NativeMethodAccessorImpl.java:77)
at java.base/jdk.internal.reflect.DelegatingMethodAccessorImpl.invoke(DelegatingMethodAccessorImpl.java:43)
at java.base/java.lang.reflect.Method.invoke(Method.java:568)
at org.testng.internal.invokers.MethodInvocationHelper.invokeMethod(MethodInvocationHelper.java:141)
at org.testng.internal.invokers.TestInvoker.invokeMethod(TestInvoker.java:687)
at org.testng.internal.invokers.TestInvoker.retryFailed(TestInvoker.java:269)
at org.testng.internal.invokers.MethodRunner.runInSequence(MethodRunner.java:76)
at org.testng.internal.invokers.TestInvoker$MethodInvocationAgent.invoke(TestInvoker.java:995)
at org.testng.internal.invokers.TestInvoker.invokeTestMethods(TestInvoker.java:203)
at org.testng.internal.invokers.TestMethodWorker.invokeTestMethods(TestMethodWorker.java:154)
at org.testng.internal.invokers.TestMethodWorker.run(TestMethodWorker.java:134)
at java.base/java.util.ArrayList.forEach(ArrayList.java:1511)
at org.testng.TestRunner.privateRun(TestRunner.java:741)
at org.testng.TestRunner.run(TestRunner.java:616)
at org.testng.SuiteRunner.runTest(SuiteRunner.java:421)
at org.testng.SuiteRunner.runSequentially(SuiteRunner.java:413)
at org.testng.SuiteRunner.privateRun(SuiteRunner.java:373)
at org.testng.SuiteRunner.run(SuiteRunner.java:312)
at org.testng.SuiteRunnerWorker.runSuite(SuiteRunnerWorker.java:52)
at org.testng.SuiteRunnerWorker.run(SuiteRunnerWorker.java:95)
at org.testng.TestNG.runSuitesSequentially(TestNG.java:1274)
at org.testng.TestNG.runSuitesLocally(TestNG.java:1208)
at org.testng.TestNG.runSuites(TestNG.java:1112)
at org.testng.TestNG.run(TestNG.java:1079)
at org.apache.maven.surefire.testng.TestNGExecutor.run(TestNGExecutor.java:308)
at org.apache.maven.surefire.testng.TestNGXmlTestSuite.execute(TestNGXmlTestSuite.java:71)
at org.apache.maven.surefire.testng.TestNGProvider.invoke(TestNGProvider.java:113)
at org.apache.maven.surefire.booter.ForkedBooter.runSuitesInProcess(ForkedBooter.java:385)
at org.apache.maven.surefire.booter.ForkedBooter.execute(ForkedBooter.java:162)
at org.apache.maven.surefire.booter.ForkedBooter.run(ForkedBooter.java:507)
at org.apache.maven.surefire.booter.ForkedBooter.main(ForkedBooter.java:495)
]]>
            </full-stacktrace>
          </exception> <!-- java.lang.AssertionError -->
          <reporter-output>
          </reporter-output>
        </test-method> <!-- validate_title -->
        <test-method is-config="true" signature="teardown()[pri:0, instance:testCases.LoginPageValidatation@6c80d78a]" started-at="2025-05-11T22:32:17 IST" name="teardown" finished-at="2025-05-11T22:32:17 IST" duration-ms="250" status="PASS">
          <reporter-output>
          </reporter-output>
        </test-method> <!-- teardown -->
        <test-method is-config="true" signature="setup()[pri:0, instance:testCases.LoginPageValidatation@6c80d78a]" started-at="2025-05-11T22:32:17 IST" name="setup" finished-at="2025-05-11T22:32:22 IST" duration-ms="5079" status="PASS">
          <reporter-output>
          </reporter-output>
        </test-method> <!-- setup -->
        <test-method is-config="true" signature="getDriver()[pri:0, instance:testCases.LoginPageValidatation@6c80d78a]" started-at="2025-05-11T22:32:22 IST" name="getDriver" finished-at="2025-05-11T22:32:22 IST" depends-on-methods="base.BaseTest.setup" duration-ms="2" status="PASS">
          <reporter-output>
          </reporter-output>
        </test-method> <!-- getDriver -->
        <test-method signature="validate_title()[pri:0, instance:testCases.LoginPageValidatation@6c80d78a]" started-at="2025-05-11T22:32:22 IST" name="validate_title" finished-at="2025-05-11T22:32:22 IST" duration-ms="57" status="FAIL">
          <exception class="java.lang.AssertionError">
            <message>
              <![CDATA[expected [Let's Sh] but found [Let's Shop]]]>
            </message>
            <full-stacktrace>
              <![CDATA[java.lang.AssertionError: expected [Let's Sh] but found [Let's Shop]
at org.testng.Assert.fail(Assert.java:111)
at org.testng.Assert.failNotEquals(Assert.java:1590)
at org.testng.Assert.assertEqualsImpl(Assert.java:150)
at org.testng.Assert.assertEquals(Assert.java:132)
at org.testng.Assert.assertEquals(Assert.java:656)
at org.testng.Assert.assertEquals(Assert.java:666)
at testCases.LoginPageValidatation.validate_title(LoginPageValidatation.java:50)
at java.base/jdk.internal.reflect.NativeMethodAccessorImpl.invoke0(Native Method)
at java.base/jdk.internal.reflect.NativeMethodAccessorImpl.invoke(NativeMethodAccessorImpl.java:77)
at java.base/jdk.internal.reflect.DelegatingMethodAccessorImpl.invoke(DelegatingMethodAccessorImpl.java:43)
at java.base/java.lang.reflect.Method.invoke(Method.java:568)
at org.testng.internal.invokers.MethodInvocationHelper.invokeMethod(MethodInvocationHelper.java:141)
at org.testng.internal.invokers.TestInvoker.invokeMethod(TestInvoker.java:687)
at org.testng.internal.invokers.TestInvoker.retryFailed(TestInvoker.java:269)
at org.testng.internal.invokers.MethodRunner.runInSequence(MethodRunner.java:76)
at org.testng.internal.invokers.TestInvoker$MethodInvocationAgent.invoke(TestInvoker.java:995)
at org.testng.internal.invokers.TestInvoker.invokeTestMethods(TestInvoker.java:203)
at org.testng.internal.invokers.TestMethodWorker.invokeTestMethods(TestMethodWorker.java:154)
at org.testng.internal.invokers.TestMethodWorker.run(TestMethodWorker.java:134)
at java.base/java.util.ArrayList.forEach(ArrayList.java:1511)
at org.testng.TestRunner.privateRun(TestRunner.java:741)
at org.testng.TestRunner.run(TestRunner.java:616)
at org.testng.SuiteRunner.runTest(SuiteRunner.java:421)
at org.testng.SuiteRunner.runSequentially(SuiteRunner.java:413)
at org.testng.SuiteRunner.privateRun(SuiteRunner.java:373)
at org.testng.SuiteRunner.run(SuiteRunner.java:312)
at org.testng.SuiteRunnerWorker.runSuite(SuiteRunnerWorker.java:52)
at org.testng.SuiteRunnerWorker.run(SuiteRunnerWorker.java:95)
at org.testng.TestNG.runSuitesSequentially(TestNG.java:1274)
at org.testng.TestNG.runSuitesLocally(TestNG.java:1208)
at org.testng.TestNG.runSuites(TestNG.java:1112)
at org.testng.TestNG.run(TestNG.java:1079)
at org.apache.maven.surefire.testng.TestNGExecutor.run(TestNGExecutor.java:308)
at org.apache.maven.surefire.testng.TestNGXmlTestSuite.execute(TestNGXmlTestSuite.java:71)
at org.apache.maven.surefire.testng.TestNGProvider.invoke(TestNGProvider.java:113)
at org.apache.maven.surefire.booter.ForkedBooter.runSuitesInProcess(ForkedBooter.java:385)
at org.apache.maven.surefire.booter.ForkedBooter.execute(ForkedBooter.java:162)
at org.apache.maven.surefire.booter.ForkedBooter.run(ForkedBooter.java:507)
at org.apache.maven.surefire.booter.ForkedBooter.main(ForkedBooter.java:495)
]]>
            </full-stacktrace>
          </exception> <!-- java.lang.AssertionError -->
          <reporter-output>
          </reporter-output>
        </test-method> <!-- validate_title -->
        <test-method is-config="true" signature="loginpageSetup()[pri:0, instance:testCases.LoginPageValidatation@6c80d78a]" started-at="2025-05-11T22:32:22 IST" name="loginpageSetup" finished-at="2025-05-11T22:32:22 IST" duration-ms="0" status="PASS">
          <reporter-output>
          </reporter-output>
        </test-method> <!-- loginpageSetup -->
        <test-method is-config="true" signature="teardown()[pri:0, instance:testCases.LoginPageValidatation@6c80d78a]" started-at="2025-05-11T22:32:22 IST" name="teardown" finished-at="2025-05-11T22:32:22 IST" duration-ms="246" status="PASS">
          <reporter-output>
          </reporter-output>
        </test-method> <!-- teardown -->
      </class> <!-- testCases.LoginPageValidatation -->
    </test> <!-- Test -->
  </suite> <!-- Loginpage -->
</testng-results>
