<?xml version="1.0" encoding="UTF-8"?>
<!-- Generated by org.testng.reporters.JUnitXMLReporter -->
<testsuite ignored="1" hostname="DESKTOP-LLI844K" failures="1" tests="8" name="Test" time="64.887" errors="0" timestamp="2025-05-11T11:55:54 IST">
  <testcase classname="testCases.LoginPageValidatation" name="validate_email_address" time="0.129"/>
  <testcase classname="testCases.LoginPageValidatation" name="validate_forgot_password_link" time="0.105"/>
  <testcase classname="testCases.LoginPageValidatation" name="validate_login_text" time="0.092"/>
  <testcase classname="testCases.LoginPageValidatation" name="validate_register_button" time="0.08"/>
  <testcase classname="testCases.LoginPageValidatation" name="validate_register_link" time="0.112"/>
  <testcase classname="testCases.LoginPageValidatation" name="validate_title" time="0.051">
    <skipped/>
  </testcase> <!-- validate_title -->
  <testcase classname="testCases.LoginPageValidatation" name="validate_title" time="0.042">
    <skipped/>
  </testcase> <!-- validate_title -->
  <testcase classname="testCases.LoginPageValidatation" name="validate_title" time="0.031">
    <failure type="java.lang.AssertionError" message="expected [Let&amp;apos;s Sh] but found [Let&amp;apos;s Shop]">
      <![CDATA[java.lang.AssertionError: expected [Let's Sh] but found [Let's Shop]
at testCases.LoginPageValidatation.validate_title(LoginPageValidatation.java:50)
at java.base/java.util.ArrayList.forEach(ArrayList.java:1596)
... Removed 31 stack frames]]>
    </failure>
  </testcase> <!-- validate_title -->
  <testcase classname="testCases.LoginPageValidatation" name="login_page_validations" time="0.0">
    <ignored/>
  </testcase> <!-- login_page_validations -->
</testsuite> <!-- Test -->
