<?xml version="1.0" encoding="UTF-8"?>
<testng-results retried="2" ignored="1" total="9" passed="5" failed="1" skipped="0">
  <reporter-output>
  </reporter-output>
  <suite started-at="2025-05-11T11:54:49 IST" name="Loginpage" finished-at="2025-05-11T11:55:54 IST" duration-ms="64887">
    <groups>
    </groups>
    <test started-at="2025-05-11T11:54:49 IST" name="Test" finished-at="2025-05-11T11:55:54 IST" duration-ms="64887">
      <class name="testCases.LoginPageValidatation">
        <test-method is-config="true" signature="setup()[pri:0, instance:testCases.LoginPageValidatation@6c6cb480]" started-at="2025-05-11T11:54:49 IST" name="setup" finished-at="2025-05-11T11:54:57 IST" duration-ms="7747" status="PASS">
          <reporter-output>
          </reporter-output>
        </test-method> <!-- setup -->
        <test-method is-config="true" signature="getDriver()[pri:0, instance:testCases.LoginPageValidatation@6c6cb480]" started-at="2025-05-11T11:54:57 IST" name="getDriver" finished-at="2025-05-11T11:54:57 IST" depends-on-methods="base.BaseTest.setup" duration-ms="2" status="PASS">
          <reporter-output>
          </reporter-output>
        </test-method> <!-- getDriver -->
        <test-method is-config="true" signature="loginpageSetup()[pri:0, instance:testCases.LoginPageValidatation@6c6cb480]" started-at="2025-05-11T11:54:57 IST" name="loginpageSetup" finished-at="2025-05-11T11:54:57 IST" duration-ms="3" status="PASS">
          <reporter-output>
          </reporter-output>
        </test-method> <!-- loginpageSetup -->
        <test-method signature="validate_email_address()[pri:0, instance:testCases.LoginPageValidatation@6c6cb480]" started-at="2025-05-11T11:54:57 IST" name="validate_email_address" finished-at="2025-05-11T11:54:57 IST" duration-ms="129" status="PASS">
          <reporter-output>
          </reporter-output>
        </test-method> <!-- validate_email_address -->
        <test-method is-config="true" signature="teardown()[pri:0, instance:testCases.LoginPageValidatation@6c6cb480]" started-at="2025-05-11T11:54:58 IST" name="teardown" finished-at="2025-05-11T11:54:59 IST" duration-ms="518" status="PASS">
          <reporter-output>
          </reporter-output>
        </test-method> <!-- teardown -->
        <test-method is-config="true" signature="setup()[pri:0, instance:testCases.LoginPageValidatation@6c6cb480]" started-at="2025-05-11T11:54:59 IST" name="setup" finished-at="2025-05-11T11:55:06 IST" duration-ms="6756" status="PASS">
          <reporter-output>
          </reporter-output>
        </test-method> <!-- setup -->
        <test-method is-config="true" signature="getDriver()[pri:0, instance:testCases.LoginPageValidatation@6c6cb480]" started-at="2025-05-11T11:55:06 IST" name="getDriver" finished-at="2025-05-11T11:55:06 IST" depends-on-methods="base.BaseTest.setup" duration-ms="1" status="PASS">
          <reporter-output>
          </reporter-output>
        </test-method> <!-- getDriver -->
        <test-method signature="validate_forgot_password_link()[pri:0, instance:testCases.LoginPageValidatation@6c6cb480]" started-at="2025-05-11T11:55:06 IST" name="validate_forgot_password_link" finished-at="2025-05-11T11:55:06 IST" duration-ms="105" status="PASS">
          <reporter-output>
          </reporter-output>
        </test-method> <!-- validate_forgot_password_link -->
        <test-method is-config="true" signature="loginpageSetup()[pri:0, instance:testCases.LoginPageValidatation@6c6cb480]" started-at="2025-05-11T11:55:06 IST" name="loginpageSetup" finished-at="2025-05-11T11:55:06 IST" duration-ms="0" status="PASS">
          <reporter-output>
          </reporter-output>
        </test-method> <!-- loginpageSetup -->
        <test-method is-config="true" signature="teardown()[pri:0, instance:testCases.LoginPageValidatation@6c6cb480]" started-at="2025-05-11T11:55:07 IST" name="teardown" finished-at="2025-05-11T11:55:08 IST" duration-ms="1697" status="PASS">
          <reporter-output>
          </reporter-output>
        </test-method> <!-- teardown -->
        <test-method is-config="true" signature="setup()[pri:0, instance:testCases.LoginPageValidatation@6c6cb480]" started-at="2025-05-11T11:55:08 IST" name="setup" finished-at="2025-05-11T11:55:16 IST" duration-ms="7818" status="PASS">
          <reporter-output>
          </reporter-output>
        </test-method> <!-- setup -->
        <test-method is-config="true" signature="getDriver()[pri:0, instance:testCases.LoginPageValidatation@6c6cb480]" started-at="2025-05-11T11:55:16 IST" name="getDriver" finished-at="2025-05-11T11:55:16 IST" depends-on-methods="base.BaseTest.setup" duration-ms="2" status="PASS">
          <reporter-output>
          </reporter-output>
        </test-method> <!-- getDriver -->
        <test-method is-config="true" signature="loginpageSetup()[pri:0, instance:testCases.LoginPageValidatation@6c6cb480]" started-at="2025-05-11T11:55:16 IST" name="loginpageSetup" finished-at="2025-05-11T11:55:16 IST" duration-ms="1" status="PASS">
          <reporter-output>
          </reporter-output>
        </test-method> <!-- loginpageSetup -->
        <test-method signature="validate_login_text()[pri:0, instance:testCases.LoginPageValidatation@6c6cb480]" started-at="2025-05-11T11:55:16 IST" name="validate_login_text" finished-at="2025-05-11T11:55:16 IST" duration-ms="92" status="PASS">
          <reporter-output>
          </reporter-output>
        </test-method> <!-- validate_login_text -->
        <test-method is-config="true" signature="teardown()[pri:0, instance:testCases.LoginPageValidatation@6c6cb480]" started-at="2025-05-11T11:55:17 IST" name="teardown" finished-at="2025-05-11T11:55:17 IST" duration-ms="342" status="PASS">
          <reporter-output>
          </reporter-output>
        </test-method> <!-- teardown -->
        <test-method is-config="true" signature="setup()[pri:0, instance:testCases.LoginPageValidatation@6c6cb480]" started-at="2025-05-11T11:55:17 IST" name="setup" finished-at="2025-05-11T11:55:23 IST" duration-ms="5975" status="PASS">
          <reporter-output>
          </reporter-output>
        </test-method> <!-- setup -->
        <test-method is-config="true" signature="getDriver()[pri:0, instance:testCases.LoginPageValidatation@6c6cb480]" started-at="2025-05-11T11:55:23 IST" name="getDriver" finished-at="2025-05-11T11:55:23 IST" depends-on-methods="base.BaseTest.setup" duration-ms="1" status="PASS">
          <reporter-output>
          </reporter-output>
        </test-method> <!-- getDriver -->
        <test-method is-config="true" signature="loginpageSetup()[pri:0, instance:testCases.LoginPageValidatation@6c6cb480]" started-at="2025-05-11T11:55:23 IST" name="loginpageSetup" finished-at="2025-05-11T11:55:23 IST" duration-ms="1" status="PASS">
          <reporter-output>
          </reporter-output>
        </test-method> <!-- loginpageSetup -->
        <test-method signature="validate_register_button()[pri:0, instance:testCases.LoginPageValidatation@6c6cb480]" started-at="2025-05-11T11:55:23 IST" name="validate_register_button" finished-at="2025-05-11T11:55:24 IST" duration-ms="80" status="PASS">
          <reporter-output>
          </reporter-output>
        </test-method> <!-- validate_register_button -->
        <test-method is-config="true" signature="teardown()[pri:0, instance:testCases.LoginPageValidatation@6c6cb480]" started-at="2025-05-11T11:55:24 IST" name="teardown" finished-at="2025-05-11T11:55:25 IST" duration-ms="381" status="PASS">
          <reporter-output>
          </reporter-output>
        </test-method> <!-- teardown -->
        <test-method is-config="true" signature="setup()[pri:0, instance:testCases.LoginPageValidatation@6c6cb480]" started-at="2025-05-11T11:55:25 IST" name="setup" finished-at="2025-05-11T11:55:31 IST" duration-ms="6195" status="PASS">
          <reporter-output>
          </reporter-output>
        </test-method> <!-- setup -->
        <test-method is-config="true" signature="getDriver()[pri:0, instance:testCases.LoginPageValidatation@6c6cb480]" started-at="2025-05-11T11:55:31 IST" name="getDriver" finished-at="2025-05-11T11:55:31 IST" depends-on-methods="base.BaseTest.setup" duration-ms="0" status="PASS">
          <reporter-output>
          </reporter-output>
        </test-method> <!-- getDriver -->
        <test-method is-config="true" signature="loginpageSetup()[pri:0, instance:testCases.LoginPageValidatation@6c6cb480]" started-at="2025-05-11T11:55:31 IST" name="loginpageSetup" finished-at="2025-05-11T11:55:31 IST" duration-ms="1" status="PASS">
          <reporter-output>
          </reporter-output>
        </test-method> <!-- loginpageSetup -->
        <test-method signature="validate_register_link()[pri:0, instance:testCases.LoginPageValidatation@6c6cb480]" started-at="2025-05-11T11:55:31 IST" name="validate_register_link" finished-at="2025-05-11T11:55:31 IST" duration-ms="112" status="PASS">
          <reporter-output>
          </reporter-output>
        </test-method> <!-- validate_register_link -->
        <test-method is-config="true" signature="teardown()[pri:0, instance:testCases.LoginPageValidatation@6c6cb480]" started-at="2025-05-11T11:55:32 IST" name="teardown" finished-at="2025-05-11T11:55:32 IST" duration-ms="230" status="PASS">
          <reporter-output>
          </reporter-output>
        </test-method> <!-- teardown -->
        <test-method is-config="true" signature="setup()[pri:0, instance:testCases.LoginPageValidatation@6c6cb480]" started-at="2025-05-11T11:55:32 IST" name="setup" finished-at="2025-05-11T11:55:38 IST" duration-ms="6240" status="PASS">
          <reporter-output>
          </reporter-output>
        </test-method> <!-- setup -->
        <test-method is-config="true" signature="getDriver()[pri:0, instance:testCases.LoginPageValidatation@6c6cb480]" started-at="2025-05-11T11:55:38 IST" name="getDriver" finished-at="2025-05-11T11:55:38 IST" depends-on-methods="base.BaseTest.setup" duration-ms="2" status="PASS">
          <reporter-output>
          </reporter-output>
        </test-method> <!-- getDriver -->
        <test-method is-config="true" signature="loginpageSetup()[pri:0, instance:testCases.LoginPageValidatation@6c6cb480]" started-at="2025-05-11T11:55:38 IST" name="loginpageSetup" finished-at="2025-05-11T11:55:38 IST" duration-ms="1" status="PASS">
          <reporter-output>
          </reporter-output>
        </test-method> <!-- loginpageSetup -->
        <test-method retried="true" signature="validate_title()[pri:0, instance:testCases.LoginPageValidatation@6c6cb480]" started-at="2025-05-11T11:55:38 IST" name="validate_title" finished-at="2025-05-11T11:55:38 IST" duration-ms="51" status="SKIP">
          <exception class="java.lang.AssertionError">
            <message>
              <![CDATA[expected [Let's Sh] but found [Let's Shop]]]>
            </message>
            <full-stacktrace>
              <![CDATA[java.lang.AssertionError: expected [Let's Sh] but found [Let's Shop]
at org.testng.Assert.fail(Assert.java:111)
at org.testng.Assert.failNotEquals(Assert.java:1590)
at org.testng.Assert.assertEqualsImpl(Assert.java:150)
at org.testng.Assert.assertEquals(Assert.java:132)
at org.testng.Assert.assertEquals(Assert.java:656)
at org.testng.Assert.assertEquals(Assert.java:666)
at testCases.LoginPageValidatation.validate_title(LoginPageValidatation.java:50)
at java.base/jdk.internal.reflect.DirectMethodHandleAccessor.invoke(DirectMethodHandleAccessor.java:103)
at java.base/java.lang.reflect.Method.invoke(Method.java:580)
at org.testng.internal.invokers.MethodInvocationHelper.invokeMethod(MethodInvocationHelper.java:141)
at org.testng.internal.invokers.TestInvoker.invokeMethod(TestInvoker.java:687)
at org.testng.internal.invokers.TestInvoker.invokeTestMethod(TestInvoker.java:230)
at org.testng.internal.invokers.MethodRunner.runInSequence(MethodRunner.java:63)
at org.testng.internal.invokers.TestInvoker$MethodInvocationAgent.invoke(TestInvoker.java:995)
at org.testng.internal.invokers.TestInvoker.invokeTestMethods(TestInvoker.java:203)
at org.testng.internal.invokers.TestMethodWorker.invokeTestMethods(TestMethodWorker.java:154)
at org.testng.internal.invokers.TestMethodWorker.run(TestMethodWorker.java:134)
at java.base/java.util.ArrayList.forEach(ArrayList.java:1596)
at org.testng.TestRunner.privateRun(TestRunner.java:741)
at org.testng.TestRunner.run(TestRunner.java:616)
at org.testng.SuiteRunner.runTest(SuiteRunner.java:421)
at org.testng.SuiteRunner.runSequentially(SuiteRunner.java:413)
at org.testng.SuiteRunner.privateRun(SuiteRunner.java:373)
at org.testng.SuiteRunner.run(SuiteRunner.java:312)
at org.testng.SuiteRunnerWorker.runSuite(SuiteRunnerWorker.java:52)
at org.testng.SuiteRunnerWorker.run(SuiteRunnerWorker.java:95)
at org.testng.TestNG.runSuitesSequentially(TestNG.java:1274)
at org.testng.TestNG.runSuitesLocally(TestNG.java:1208)
at org.testng.TestNG.runSuites(TestNG.java:1112)
at org.testng.TestNG.run(TestNG.java:1079)
at org.testng.remote.AbstractRemoteTestNG.run(AbstractRemoteTestNG.java:115)
at org.testng.remote.RemoteTestNG.initAndRun(RemoteTestNG.java:293)
at org.testng.remote.RemoteTestNG.main(RemoteTestNG.java:91)
]]>
            </full-stacktrace>
          </exception> <!-- java.lang.AssertionError -->
          <reporter-output>
          </reporter-output>
        </test-method> <!-- validate_title -->
        <test-method is-config="true" signature="teardown()[pri:0, instance:testCases.LoginPageValidatation@6c6cb480]" started-at="2025-05-11T11:55:38 IST" name="teardown" finished-at="2025-05-11T11:55:39 IST" duration-ms="230" status="PASS">
          <reporter-output>
          </reporter-output>
        </test-method> <!-- teardown -->
        <test-method is-config="true" signature="setup()[pri:0, instance:testCases.LoginPageValidatation@6c6cb480]" started-at="2025-05-11T11:55:39 IST" name="setup" finished-at="2025-05-11T11:55:45 IST" duration-ms="6488" status="PASS">
          <reporter-output>
          </reporter-output>
        </test-method> <!-- setup -->
        <test-method is-config="true" signature="getDriver()[pri:0, instance:testCases.LoginPageValidatation@6c6cb480]" started-at="2025-05-11T11:55:45 IST" name="getDriver" finished-at="2025-05-11T11:55:45 IST" depends-on-methods="base.BaseTest.setup" duration-ms="0" status="PASS">
          <reporter-output>
          </reporter-output>
        </test-method> <!-- getDriver -->
        <test-method is-config="true" signature="loginpageSetup()[pri:0, instance:testCases.LoginPageValidatation@6c6cb480]" started-at="2025-05-11T11:55:45 IST" name="loginpageSetup" finished-at="2025-05-11T11:55:45 IST" duration-ms="1" status="PASS">
          <reporter-output>
          </reporter-output>
        </test-method> <!-- loginpageSetup -->
        <test-method retried="true" signature="validate_title()[pri:0, instance:testCases.LoginPageValidatation@6c6cb480]" started-at="2025-05-11T11:55:45 IST" name="validate_title" finished-at="2025-05-11T11:55:45 IST" duration-ms="42" status="SKIP">
          <exception class="java.lang.AssertionError">
            <message>
              <![CDATA[expected [Let's Sh] but found [Let's Shop]]]>
            </message>
            <full-stacktrace>
              <![CDATA[java.lang.AssertionError: expected [Let's Sh] but found [Let's Shop]
at org.testng.Assert.fail(Assert.java:111)
at org.testng.Assert.failNotEquals(Assert.java:1590)
at org.testng.Assert.assertEqualsImpl(Assert.java:150)
at org.testng.Assert.assertEquals(Assert.java:132)
at org.testng.Assert.assertEquals(Assert.java:656)
at org.testng.Assert.assertEquals(Assert.java:666)
at testCases.LoginPageValidatation.validate_title(LoginPageValidatation.java:50)
at java.base/jdk.internal.reflect.DirectMethodHandleAccessor.invoke(DirectMethodHandleAccessor.java:103)
at java.base/java.lang.reflect.Method.invoke(Method.java:580)
at org.testng.internal.invokers.MethodInvocationHelper.invokeMethod(MethodInvocationHelper.java:141)
at org.testng.internal.invokers.TestInvoker.invokeMethod(TestInvoker.java:687)
at org.testng.internal.invokers.TestInvoker.retryFailed(TestInvoker.java:269)
at org.testng.internal.invokers.MethodRunner.runInSequence(MethodRunner.java:76)
at org.testng.internal.invokers.TestInvoker$MethodInvocationAgent.invoke(TestInvoker.java:995)
at org.testng.internal.invokers.TestInvoker.invokeTestMethods(TestInvoker.java:203)
at org.testng.internal.invokers.TestMethodWorker.invokeTestMethods(TestMethodWorker.java:154)
at org.testng.internal.invokers.TestMethodWorker.run(TestMethodWorker.java:134)
at java.base/java.util.ArrayList.forEach(ArrayList.java:1596)
at org.testng.TestRunner.privateRun(TestRunner.java:741)
at org.testng.TestRunner.run(TestRunner.java:616)
at org.testng.SuiteRunner.runTest(SuiteRunner.java:421)
at org.testng.SuiteRunner.runSequentially(SuiteRunner.java:413)
at org.testng.SuiteRunner.privateRun(SuiteRunner.java:373)
at org.testng.SuiteRunner.run(SuiteRunner.java:312)
at org.testng.SuiteRunnerWorker.runSuite(SuiteRunnerWorker.java:52)
at org.testng.SuiteRunnerWorker.run(SuiteRunnerWorker.java:95)
at org.testng.TestNG.runSuitesSequentially(TestNG.java:1274)
at org.testng.TestNG.runSuitesLocally(TestNG.java:1208)
at org.testng.TestNG.runSuites(TestNG.java:1112)
at org.testng.TestNG.run(TestNG.java:1079)
at org.testng.remote.AbstractRemoteTestNG.run(AbstractRemoteTestNG.java:115)
at org.testng.remote.RemoteTestNG.initAndRun(RemoteTestNG.java:293)
at org.testng.remote.RemoteTestNG.main(RemoteTestNG.java:91)
]]>
            </full-stacktrace>
          </exception> <!-- java.lang.AssertionError -->
          <reporter-output>
          </reporter-output>
        </test-method> <!-- validate_title -->
        <test-method is-config="true" signature="teardown()[pri:0, instance:testCases.LoginPageValidatation@6c6cb480]" started-at="2025-05-11T11:55:45 IST" name="teardown" finished-at="2025-05-11T11:55:45 IST" duration-ms="275" status="PASS">
          <reporter-output>
          </reporter-output>
        </test-method> <!-- teardown -->
        <test-method is-config="true" signature="setup()[pri:0, instance:testCases.LoginPageValidatation@6c6cb480]" started-at="2025-05-11T11:55:45 IST" name="setup" finished-at="2025-05-11T11:55:52 IST" duration-ms="7063" status="PASS">
          <reporter-output>
          </reporter-output>
        </test-method> <!-- setup -->
        <test-method is-config="true" signature="getDriver()[pri:0, instance:testCases.LoginPageValidatation@6c6cb480]" started-at="2025-05-11T11:55:52 IST" name="getDriver" finished-at="2025-05-11T11:55:52 IST" depends-on-methods="base.BaseTest.setup" duration-ms="0" status="PASS">
          <reporter-output>
          </reporter-output>
        </test-method> <!-- getDriver -->
        <test-method is-config="true" signature="loginpageSetup()[pri:0, instance:testCases.LoginPageValidatation@6c6cb480]" started-at="2025-05-11T11:55:52 IST" name="loginpageSetup" finished-at="2025-05-11T11:55:52 IST" duration-ms="1" status="PASS">
          <reporter-output>
          </reporter-output>
        </test-method> <!-- loginpageSetup -->
        <test-method signature="validate_title()[pri:0, instance:testCases.LoginPageValidatation@6c6cb480]" started-at="2025-05-11T11:55:52 IST" name="validate_title" finished-at="2025-05-11T11:55:53 IST" duration-ms="31" status="FAIL">
          <exception class="java.lang.AssertionError">
            <message>
              <![CDATA[expected [Let's Sh] but found [Let's Shop]]]>
            </message>
            <full-stacktrace>
              <![CDATA[java.lang.AssertionError: expected [Let's Sh] but found [Let's Shop]
at org.testng.Assert.fail(Assert.java:111)
at org.testng.Assert.failNotEquals(Assert.java:1590)
at org.testng.Assert.assertEqualsImpl(Assert.java:150)
at org.testng.Assert.assertEquals(Assert.java:132)
at org.testng.Assert.assertEquals(Assert.java:656)
at org.testng.Assert.assertEquals(Assert.java:666)
at testCases.LoginPageValidatation.validate_title(LoginPageValidatation.java:50)
at java.base/jdk.internal.reflect.DirectMethodHandleAccessor.invoke(DirectMethodHandleAccessor.java:103)
at java.base/java.lang.reflect.Method.invoke(Method.java:580)
at org.testng.internal.invokers.MethodInvocationHelper.invokeMethod(MethodInvocationHelper.java:141)
at org.testng.internal.invokers.TestInvoker.invokeMethod(TestInvoker.java:687)
at org.testng.internal.invokers.TestInvoker.retryFailed(TestInvoker.java:269)
at org.testng.internal.invokers.MethodRunner.runInSequence(MethodRunner.java:76)
at org.testng.internal.invokers.TestInvoker$MethodInvocationAgent.invoke(TestInvoker.java:995)
at org.testng.internal.invokers.TestInvoker.invokeTestMethods(TestInvoker.java:203)
at org.testng.internal.invokers.TestMethodWorker.invokeTestMethods(TestMethodWorker.java:154)
at org.testng.internal.invokers.TestMethodWorker.run(TestMethodWorker.java:134)
at java.base/java.util.ArrayList.forEach(ArrayList.java:1596)
at org.testng.TestRunner.privateRun(TestRunner.java:741)
at org.testng.TestRunner.run(TestRunner.java:616)
at org.testng.SuiteRunner.runTest(SuiteRunner.java:421)
at org.testng.SuiteRunner.runSequentially(SuiteRunner.java:413)
at org.testng.SuiteRunner.privateRun(SuiteRunner.java:373)
at org.testng.SuiteRunner.run(SuiteRunner.java:312)
at org.testng.SuiteRunnerWorker.runSuite(SuiteRunnerWorker.java:52)
at org.testng.SuiteRunnerWorker.run(SuiteRunnerWorker.java:95)
at org.testng.TestNG.runSuitesSequentially(TestNG.java:1274)
at org.testng.TestNG.runSuitesLocally(TestNG.java:1208)
at org.testng.TestNG.runSuites(TestNG.java:1112)
at org.testng.TestNG.run(TestNG.java:1079)
at org.testng.remote.AbstractRemoteTestNG.run(AbstractRemoteTestNG.java:115)
at org.testng.remote.RemoteTestNG.initAndRun(RemoteTestNG.java:293)
at org.testng.remote.RemoteTestNG.main(RemoteTestNG.java:91)
]]>
            </full-stacktrace>
          </exception> <!-- java.lang.AssertionError -->
          <reporter-output>
          </reporter-output>
        </test-method> <!-- validate_title -->
        <test-method is-config="true" signature="teardown()[pri:0, instance:testCases.LoginPageValidatation@6c6cb480]" started-at="2025-05-11T11:55:53 IST" name="teardown" finished-at="2025-05-11T11:55:54 IST" duration-ms="274" status="PASS">
          <reporter-output>
          </reporter-output>
        </test-method> <!-- teardown -->
      </class> <!-- testCases.LoginPageValidatation -->
    </test> <!-- Test -->
  </suite> <!-- Loginpage -->
</testng-results>
