<?xml version="1.0" encoding="UTF-8"?>
<!-- Generated by org.testng.reporters.JUnitXMLReporter -->
<testsuite ignored="1" hostname="DESKTOP-LLI844K" failures="1" tests="8" name="Test" time="54.378" errors="0" timestamp="2025-05-11T22:32:23 IST">
  <testcase classname="testCases.LoginPageValidatation" name="validate_email_address" time="0.225"/>
  <testcase classname="testCases.LoginPageValidatation" name="validate_forgot_password_link" time="0.106"/>
  <testcase classname="testCases.LoginPageValidatation" name="validate_login_text" time="0.088"/>
  <testcase classname="testCases.LoginPageValidatation" name="validate_register_button" time="0.093"/>
  <testcase classname="testCases.LoginPageValidatation" name="validate_register_link" time="0.078"/>
  <testcase classname="testCases.LoginPageValidatation" name="validate_title" time="0.063">
    <skipped/>
  </testcase> <!-- validate_title -->
  <testcase classname="testCases.LoginPageValidatation" name="validate_title" time="0.018">
    <skipped/>
  </testcase> <!-- validate_title -->
  <testcase classname="testCases.LoginPageValidatation" name="validate_title" time="0.057">
    <failure type="java.lang.AssertionError" message="expected [Let&amp;apos;s Sh] but found [Let&amp;apos;s Shop]">
      <![CDATA[java.lang.AssertionError: expected [Let's Sh] but found [Let's Shop]
at testCases.LoginPageValidatation.validate_title(LoginPageValidatation.java:50)
at java.base/java.util.ArrayList.forEach(ArrayList.java:1511)
... Removed 37 stack frames]]>
    </failure>
  </testcase> <!-- validate_title -->
  <testcase classname="testCases.LoginPageValidatation" name="login_page_validations" time="0.0">
    <ignored/>
  </testcase> <!-- login_page_validations -->
</testsuite> <!-- Test -->
